<?xml version="1.0" encoding="UTF-8"?>
<!-- Generated by org.testng.reporters.JUnitReportReporter -->
<testsuite hostname="Admins-MacBook-Pro.local" failures="0" tests="7" name="TestScenarios.TestMethodsForVatCalculator" time="7.838" errors="0" timestamp="2022-08-17T00:49:04 PKT" skipped="0">
  <testcase classname="TestScenarios.TestMethodsForVatCalculator" name="verifyTitle" time="0.011"/>
  <system-out/>
  <testcase classname="TestScenarios.TestMethodsForVatCalculator" name="calculatorComponentDisplayed" time="0.043"/>
  <system-out/>
  <testcase classname="TestScenarios.TestMethodsForVatCalculator" name="validationCase1" time="1.047"/>
  <system-out/>
  <testcase classname="TestScenarios.TestMethodsForVatCalculator" name="validationCase2" time="1.164"/>
  <system-out/>
  <testcase classname="TestScenarios.TestMethodsForVatCalculator" name="validationWithZeroInput" time="0.984"/>
  <system-out/>
  <testcase classname="TestScenarios.TestMethodsForVatCalculator" name="validateResultCase1" time="2.622"/>
  <system-out/>
  <testcase classname="TestScenarios.TestMethodsForVatCalculator" name="validateResultCase3" time="1.967"/>
  <system-out/>
</testsuite> <!-- TestScenarios.TestMethodsForVatCalculator -->
